This is pdfTeX, Version 3.141592653-2.6-1.40.26 (MiKTeX 24.4) (preloaded format=pdflatex 2024.7.25)  31 JUL 2024 10:40
entering extended mode
 \write18 enabled.
 file:line:error style messages enabled.
 %&-line parsing enabled.
**c:/Users/NicoVolt/OneDrive/WoopWoop/CERES/DocAvances/Avances.tex
(c:/Users/NicoVolt/OneDrive/WoopWoop/CERES/DocAvances/Avances.tex
LaTeX2e <2024-06-01> patch level 2
L3 programming layer <2024-05-27>
(C:\Users\NicoVolt\AppData\Local\Programs\MiKTeX\tex/latex/base\article.cls
Document Class: article 2024/02/08 v1.4n Standard LaTeX document class
(C:\Users\NicoVolt\AppData\Local\Programs\MiKTeX\tex/latex/base\size10.clo
File: size10.clo 2024/02/08 v1.4n Standard LaTeX file (size option)
)
\c@part=\count194
\c@section=\count195
\c@subsection=\count196
\c@subsubsection=\count197
\c@paragraph=\count198
\c@subparagraph=\count199
\c@figure=\count266
\c@table=\count267
\abovecaptionskip=\skip49
\belowcaptionskip=\skip50
\bibindent=\dimen141
) (C:\Users\NicoVolt\AppData\Local\Programs\MiKTeX\tex/latex/base\inputenc.sty
Package: inputenc 2024/02/08 v1.3d Input encoding file
\inpenc@prehook=\toks17
\inpenc@posthook=\toks18
) (C:\Users\NicoVolt\AppData\Local\Programs\MiKTeX\tex/latex/float\float.sty
Package: float 2001/11/08 v1.3d Float enhancements (AL)
\c@float@type=\count268
\float@exts=\toks19
\float@box=\box52
\@float@everytoks=\toks20
\@floatcapt=\box53
) (C:\Users\NicoVolt\AppData\Local\Programs\MiKTeX\tex/latex/graphics\graphicx.sty
Package: graphicx 2021/09/16 v1.2d Enhanced LaTeX Graphics (DPC,SPQR)
 (C:\Users\NicoVolt\AppData\Local\Programs\MiKTeX\tex/latex/graphics\keyval.sty
Package: keyval 2022/05/29 v1.15 key=value parser (DPC)
\KV@toks@=\toks21
) (C:\Users\NicoVolt\AppData\Local\Programs\MiKTeX\tex/latex/graphics\graphics.sty
Package: graphics 2024/05/23 v1.4g Standard LaTeX Graphics (DPC,SPQR)
 (C:\Users\NicoVolt\AppData\Local\Programs\MiKTeX\tex/latex/graphics\trig.sty
Package: trig 2023/12/02 v1.11 sin cos tan (DPC)
) (C:\Users\NicoVolt\AppData\Local\Programs\MiKTeX\tex/latex/graphics-cfg\graphics.cfg
File: graphics.cfg 2016/06/04 v1.11 sample graphics configuration
)
Package graphics Info: Driver file: pdftex.def on input line 106.
 (C:\Users\NicoVolt\AppData\Local\Programs\MiKTeX\tex/latex/graphics-def\pdftex.def
File: pdftex.def 2024/04/13 v1.2c Graphics/color driver for pdftex
))
\Gin@req@height=\dimen142
\Gin@req@width=\dimen143
) (C:\Users\NicoVolt\AppData\Local\Programs\MiKTeX\tex/latex/gensymb\gensymb.sty
Package: gensymb 2022/10/17 v1.0.2 (KJH)
) (C:\Users\NicoVolt\AppData\Local\Programs\MiKTeX\tex/latex/animate\animate.sty
Package: animate 2023/06/18 PDF & SVG animations from files and inline graphics
 (C:\Users\NicoVolt\AppData\Local\Programs\MiKTeX\tex/latex/base\ifthen.sty
Package: ifthen 2024/03/16 v1.1e Standard LaTeX ifthen package (DPC)
) (C:\Users\NicoVolt\AppData\Local\Programs\MiKTeX\tex/generic/iftex\iftex.sty
Package: iftex 2022/02/03 v1.0f TeX engine tests
) (C:\Users\NicoVolt\AppData\Local\Programs\MiKTeX\tex/latex/oberdiek\ifdraft.sty
Package: ifdraft 2016/05/16 v1.4 Detect class options draft and final (HO)
) (C:\Users\NicoVolt\AppData\Local\Programs\MiKTeX\tex/latex/tools\calc.sty
Package: calc 2023/07/08 v4.3 Infix arithmetic (KKT,FJ)
\calc@Acount=\count269
\calc@Bcount=\count270
\calc@Adimen=\dimen144
\calc@Bdimen=\dimen145
\calc@Askip=\skip51
\calc@Bskip=\skip52
LaTeX Info: Redefining \setlength on input line 80.
LaTeX Info: Redefining \addtolength on input line 81.
\calc@Ccount=\count271
\calc@Cskip=\skip53
) (C:\Users\NicoVolt\AppData\Local\Programs\MiKTeX\tex/latex/media9\pdfbase.sty
Package: pdfbase 2022/08/04 v0.55 driver independent access to low-level PDF features
 (C:\Users\NicoVolt\AppData\Local\Programs\MiKTeX\tex/latex/l3backend\l3backend-pdftex.def
File: l3backend-pdftex.def 2024-05-08 L3 backend support: PDF output (pdfTeX)
\l__color_backend_stack_int=\count272
\l__pdf_internal_box=\box54
)
\g_pbs_page_int=\count273
\g_pbs_oc_int=\count274
) (C:\Users\NicoVolt\AppData\Local\Programs\MiKTeX\tex/latex/zref\zref-abspage.sty
Package: zref-abspage 2023-09-14 v2.35 Module abspage for zref (HO)
 (C:\Users\NicoVolt\AppData\Local\Programs\MiKTeX\tex/latex/zref\zref-base.sty
Package: zref-base 2023-09-14 v2.35 Module base for zref (HO)
 (C:\Users\NicoVolt\AppData\Local\Programs\MiKTeX\tex/generic/ltxcmds\ltxcmds.sty
Package: ltxcmds 2023-12-04 v1.26 LaTeX kernel commands for general use (HO)
) (C:\Users\NicoVolt\AppData\Local\Programs\MiKTeX\tex/generic/infwarerr\infwarerr.sty
Package: infwarerr 2019/12/03 v1.5 Providing info/warning/error messages (HO)
) (C:\Users\NicoVolt\AppData\Local\Programs\MiKTeX\tex/latex/kvsetkeys\kvsetkeys.sty
Package: kvsetkeys 2022-10-05 v1.19 Key value parser (HO)
) (C:\Users\NicoVolt\AppData\Local\Programs\MiKTeX\tex/generic/kvdefinekeys\kvdefinekeys.sty
Package: kvdefinekeys 2019-12-19 v1.6 Define keys (HO)
) (C:\Users\NicoVolt\AppData\Local\Programs\MiKTeX\tex/generic/pdftexcmds\pdftexcmds.sty
Package: pdftexcmds 2020-06-27 v0.33 Utility functions of pdfTeX for LuaTeX (HO)
Package pdftexcmds Info: \pdf@primitive is available.
Package pdftexcmds Info: \pdf@ifprimitive is available.
Package pdftexcmds Info: \pdfdraftmode found.
) (C:\Users\NicoVolt\AppData\Local\Programs\MiKTeX\tex/generic/etexcmds\etexcmds.sty
Package: etexcmds 2019/12/15 v1.7 Avoid name clashes with e-TeX commands (HO)
) (C:\Users\NicoVolt\AppData\Local\Programs\MiKTeX\tex/latex/auxhook\auxhook.sty
Package: auxhook 2019-12-17 v1.6 Hooks for auxiliary files (HO)
)
Package zref Info: New property list: main on input line 767.
Package zref Info: New property: default on input line 768.
Package zref Info: New property: page on input line 769.
)
\c@abspage=\count275
Package zref Info: New property: abspage on input line 67.
) (C:\Users\NicoVolt\AppData\Local\Programs\MiKTeX\tex/latex/ocgx2\ocgbase.sty
Package: ocgbase 2022/08/04 v0.22 support package for ocgx2.sty
\g_ocgbase_nd_int=\count276
)
\@anim@box=\box55
\@anim@measbox=\box56
\@anim@tmpdima=\dimen146
\@anim@tmpdimb=\dimen147
\@anim@num=\count277
\@anim@curframe=\count278
\@anim@curframe@zb=\count279
\@anim@resizeflags=\count280
\@anim@skipfram=\count281
\@anim@mulframecnt=\count282
\@anim@@tmlnfile=\read2
\@anim@tmpcnt=\count283
\c@@anim@ltxcnt=\count284
\@anim@curlayer=\count285
\@anim@lineno=\count286
\@anim@curfield=\count287
\@anim@@resizeflags=\count288
) (C:\Users\NicoVolt\AppData\Local\Programs\MiKTeX\tex/latex/attachfile\attachfile.sty
Package: attachfile 2016/09/18 v1.9 PDF 1.3+ file attachment
 (C:\Users\NicoVolt\AppData\Local\Programs\MiKTeX\tex/generic/iftex\ifpdf.sty
Package: ifpdf 2019/10/25 v3.4 ifpdf legacy package. Use iftex instead.
) (C:\Users\NicoVolt\AppData\Local\Programs\MiKTeX\tex/latex/graphics\color.sty
Package: color 2024/01/14 v1.3d Standard LaTeX Color (DPC)
 (C:\Users\NicoVolt\AppData\Local\Programs\MiKTeX\tex/latex/graphics-cfg\color.cfg
File: color.cfg 2016/01/02 v1.6 sample color configuration
)
Package color Info: Driver file: pdftex.def on input line 149.
 (C:\Users\NicoVolt\AppData\Local\Programs\MiKTeX\tex/latex/graphics\mathcolor.ltx)) (C:\Users\NicoVolt\AppData\Local\Programs\MiKTeX\tex/latex/hyperref\hyperref.sty
Package: hyperref 2024-07-10 v7.01j Hypertext links for LaTeX
 (C:\Users\NicoVolt\AppData\Local\Programs\MiKTeX\tex/generic/pdfescape\pdfescape.sty
Package: pdfescape 2019/12/09 v1.15 Implements pdfTeX's escape features (HO)
) (C:\Users\NicoVolt\AppData\Local\Programs\MiKTeX\tex/latex/hycolor\hycolor.sty
Package: hycolor 2020-01-27 v1.10 Color options for hyperref/bookmark (HO)
) (C:\Users\NicoVolt\AppData\Local\Programs\MiKTeX\tex/latex/hyperref\nameref.sty
Package: nameref 2023-11-26 v2.56 Cross-referencing by name of section
 (C:\Users\NicoVolt\AppData\Local\Programs\MiKTeX\tex/latex/refcount\refcount.sty
Package: refcount 2019/12/15 v3.6 Data extraction from label references (HO)
) (C:\Users\NicoVolt\AppData\Local\Programs\MiKTeX\tex/generic/gettitlestring\gettitlestring.sty
Package: gettitlestring 2019/12/15 v1.6 Cleanup title references (HO)
 (C:\Users\NicoVolt\AppData\Local\Programs\MiKTeX\tex/latex/kvoptions\kvoptions.sty
Package: kvoptions 2022-06-15 v3.15 Key value format for package options (HO)
))
\c@section@level=\count289
) (C:\Users\NicoVolt\AppData\Local\Programs\MiKTeX\tex/latex/etoolbox\etoolbox.sty
Package: etoolbox 2020/10/05 v2.5k e-TeX tools for LaTeX (JAW)
\etb@tempcnta=\count290
) (C:\Users\NicoVolt\AppData\Local\Programs\MiKTeX\tex/generic/stringenc\stringenc.sty
Package: stringenc 2019/11/29 v1.12 Convert strings between diff. encodings (HO)
)
\@linkdim=\dimen148
\Hy@linkcounter=\count291
\Hy@pagecounter=\count292
 (C:\Users\NicoVolt\AppData\Local\Programs\MiKTeX\tex/latex/hyperref\pd1enc.def
File: pd1enc.def 2024-07-10 v7.01j Hyperref: PDFDocEncoding definition (HO)
Now handling font encoding PD1 ...
... no UTF-8 mapping file for font encoding PD1
) (C:\Users\NicoVolt\AppData\Local\Programs\MiKTeX\tex/generic/intcalc\intcalc.sty
Package: intcalc 2019/12/15 v1.3 Expandable calculations with integers (HO)
)
\Hy@SavedSpaceFactor=\count293
 (C:\Users\NicoVolt\AppData\Local\Programs\MiKTeX\tex/latex/hyperref\puenc.def
File: puenc.def 2024-07-10 v7.01j Hyperref: PDF Unicode definition (HO)
Now handling font encoding PU ...
... no UTF-8 mapping file for font encoding PU
)
Package hyperref Info: Hyper figures OFF on input line 4157.
Package hyperref Info: Link nesting OFF on input line 4162.
Package hyperref Info: Hyper index ON on input line 4165.
Package hyperref Info: Plain pages OFF on input line 4172.
Package hyperref Info: Backreferencing OFF on input line 4177.
Package hyperref Info: Implicit mode ON; LaTeX internals redefined.
Package hyperref Info: Bookmarks ON on input line 4424.
\c@Hy@tempcnt=\count294
 (C:\Users\NicoVolt\AppData\Local\Programs\MiKTeX\tex/latex/url\url.sty
\Urlmuskip=\muskip17
Package: url 2013/09/16  ver 3.4  Verb mode for urls, etc.
)
LaTeX Info: Redefining \url on input line 4763.
\XeTeXLinkMargin=\dimen149
 (C:\Users\NicoVolt\AppData\Local\Programs\MiKTeX\tex/generic/bitset\bitset.sty
Package: bitset 2019/12/09 v1.3 Handle bit-vector datatype (HO)
 (C:\Users\NicoVolt\AppData\Local\Programs\MiKTeX\tex/generic/bigintcalc\bigintcalc.sty
Package: bigintcalc 2019/12/15 v1.5 Expandable calculations on big integers (HO)
))
\Fld@menulength=\count295
\Field@Width=\dimen150
\Fld@charsize=\dimen151
Package hyperref Info: Hyper figures OFF on input line 6042.
Package hyperref Info: Link nesting OFF on input line 6047.
Package hyperref Info: Hyper index ON on input line 6050.
Package hyperref Info: backreferencing OFF on input line 6057.
Package hyperref Info: Link coloring OFF on input line 6062.
Package hyperref Info: Link coloring with OCG OFF on input line 6067.
Package hyperref Info: PDF/A mode OFF on input line 6072.
 (C:\Users\NicoVolt\AppData\Local\Programs\MiKTeX\tex/latex/base\atbegshi-ltx.sty
Package: atbegshi-ltx 2021/01/10 v1.0c Emulation of the original atbegshi
package with kernel methods
)
\Hy@abspage=\count296
\c@Item=\count297
\c@Hfootnote=\count298
)
Package hyperref Info: Driver (autodetected): hpdftex.
 (C:\Users\NicoVolt\AppData\Local\Programs\MiKTeX\tex/latex/hyperref\hpdftex.def
File: hpdftex.def 2024-07-10 v7.01j Hyperref driver for pdfTeX
 (C:\Users\NicoVolt\AppData\Local\Programs\MiKTeX\tex/latex/base\atveryend-ltx.sty
Package: atveryend-ltx 2020/08/19 v1.0a Emulation of the original atveryend package
with kernel methods
)
\HyAnn@Count=\count299
\Fld@listcount=\count300
\c@bookmark@seq@number=\count301
 (C:\Users\NicoVolt\AppData\Local\Programs\MiKTeX\tex/latex/rerunfilecheck\rerunfilecheck.sty
Package: rerunfilecheck 2022-07-10 v1.10 Rerun checks for auxiliary files (HO)
 (C:\Users\NicoVolt\AppData\Local\Programs\MiKTeX\tex/generic/uniquecounter\uniquecounter.sty
Package: uniquecounter 2019/12/15 v1.4 Provide unlimited unique counter (HO)
)
Package uniquecounter Info: New unique counter `rerunfilecheck' on input line 285.
)
\Hy@SectionHShift=\skip54
)
\c@atfi@tmp=\count302
\atfi@appearancewidth=\skip55
\atfi@appearanceheight=\skip56
\atfi@appearancedepth=\skip57
\atfi@appearancebox=\box57
) (C:\Users\NicoVolt\AppData\Local\Programs\MiKTeX\tex/latex/caption\caption.sty
Package: caption 2023/08/05 v3.6o Customizing captions (AR)
 (C:\Users\NicoVolt\AppData\Local\Programs\MiKTeX\tex/latex/caption\caption3.sty
Package: caption3 2023/07/31 v2.4d caption3 kernel (AR)
\caption@tempdima=\dimen152
\captionmargin=\dimen153
\caption@leftmargin=\dimen154
\caption@rightmargin=\dimen155
\caption@width=\dimen156
\caption@indent=\dimen157
\caption@parindent=\dimen158
\caption@hangindent=\dimen159
Package caption Info: Standard document class detected.
)
\c@caption@flags=\count303
\c@continuedfloat=\count304
Package caption Info: float package is loaded.
Package caption Info: hyperref package is loaded.
) (C:\Users\NicoVolt\AppData\Local\Programs\MiKTeX\tex/latex/caption\subcaption.sty
Package: subcaption 2023/07/28 v1.6b Sub-captions (AR)
Package caption Info: New subtype `subfigure' on input line 238.
\c@subfigure=\count305
Package caption Info: New subtype `subtable' on input line 238.
\c@subtable=\count306
) (C:\Users\NicoVolt\AppData\Local\Programs\MiKTeX\tex/latex/pgfgantt\pgfgantt.sty
Package: pgfgantt 2024/06/19 v5.0a Draw Gantt diagrams with TikZ
 (C:\Users\NicoVolt\AppData\Local\Programs\MiKTeX\tex/latex/pgf/frontendlayer\tikz.sty (C:\Users\NicoVolt\AppData\Local\Programs\MiKTeX\tex/latex/pgf/basiclayer\pgf.sty (C:\Users\NicoVolt\AppData\Local\Programs\MiKTeX\tex/latex/pgf/utilities\pgfrcs.sty (C:\Users\NicoVolt\AppData\Local\Programs\MiKTeX\tex/generic/pgf/utilities\pgfutil-common.tex
\pgfutil@everybye=\toks22
\pgfutil@tempdima=\dimen160
\pgfutil@tempdimb=\dimen161
) (C:\Users\NicoVolt\AppData\Local\Programs\MiKTeX\tex/generic/pgf/utilities\pgfutil-latex.def
\pgfutil@abb=\box58
) (C:\Users\NicoVolt\AppData\Local\Programs\MiKTeX\tex/generic/pgf/utilities\pgfrcs.code.tex (C:\Users\NicoVolt\AppData\Local\Programs\MiKTeX\tex/generic/pgf\pgf.revision.tex)
Package: pgfrcs 2023-01-15 v3.1.10 (3.1.10)
))
Package: pgf 2023-01-15 v3.1.10 (3.1.10)
 (C:\Users\NicoVolt\AppData\Local\Programs\MiKTeX\tex/latex/pgf/basiclayer\pgfcore.sty (C:\Users\NicoVolt\AppData\Local\Programs\MiKTeX\tex/latex/pgf/systemlayer\pgfsys.sty (C:\Users\NicoVolt\AppData\Local\Programs\MiKTeX\tex/generic/pgf/systemlayer\pgfsys.code.tex
Package: pgfsys 2023-01-15 v3.1.10 (3.1.10)
 (C:\Users\NicoVolt\AppData\Local\Programs\MiKTeX\tex/generic/pgf/utilities\pgfkeys.code.tex
\pgfkeys@pathtoks=\toks23
\pgfkeys@temptoks=\toks24
 (C:\Users\NicoVolt\AppData\Local\Programs\MiKTeX\tex/generic/pgf/utilities\pgfkeyslibraryfiltered.code.tex
\pgfkeys@tmptoks=\toks25
))
\pgf@x=\dimen162
\pgf@y=\dimen163
\pgf@xa=\dimen164
\pgf@ya=\dimen165
\pgf@xb=\dimen166
\pgf@yb=\dimen167
\pgf@xc=\dimen168
\pgf@yc=\dimen169
\pgf@xd=\dimen170
\pgf@yd=\dimen171
\w@pgf@writea=\write3
\r@pgf@reada=\read3
\c@pgf@counta=\count307
\c@pgf@countb=\count308
\c@pgf@countc=\count309
\c@pgf@countd=\count310
\t@pgf@toka=\toks26
\t@pgf@tokb=\toks27
\t@pgf@tokc=\toks28
\pgf@sys@id@count=\count311
 (C:\Users\NicoVolt\AppData\Local\Programs\MiKTeX\tex/generic/pgf/systemlayer\pgf.cfg
File: pgf.cfg 2023-01-15 v3.1.10 (3.1.10)
)
Driver file for pgf: pgfsys-pdftex.def
 (C:\Users\NicoVolt\AppData\Local\Programs\MiKTeX\tex/generic/pgf/systemlayer\pgfsys-pdftex.def
File: pgfsys-pdftex.def 2023-01-15 v3.1.10 (3.1.10)
 (C:\Users\NicoVolt\AppData\Local\Programs\MiKTeX\tex/generic/pgf/systemlayer\pgfsys-common-pdf.def
File: pgfsys-common-pdf.def 2023-01-15 v3.1.10 (3.1.10)
))) (C:\Users\NicoVolt\AppData\Local\Programs\MiKTeX\tex/generic/pgf/systemlayer\pgfsyssoftpath.code.tex
File: pgfsyssoftpath.code.tex 2023-01-15 v3.1.10 (3.1.10)
\pgfsyssoftpath@smallbuffer@items=\count312
\pgfsyssoftpath@bigbuffer@items=\count313
) (C:\Users\NicoVolt\AppData\Local\Programs\MiKTeX\tex/generic/pgf/systemlayer\pgfsysprotocol.code.tex
File: pgfsysprotocol.code.tex 2023-01-15 v3.1.10 (3.1.10)
)) (C:\Users\NicoVolt\AppData\Local\Programs\MiKTeX\tex/latex/xcolor\xcolor.sty
Package: xcolor 2023/11/15 v3.01 LaTeX color extensions (UK)
 (C:\Users\NicoVolt\AppData\Local\Programs\MiKTeX\tex/latex/graphics-cfg\color.cfg
File: color.cfg 2016/01/02 v1.6 sample color configuration
)
Package xcolor Info: Driver file: pdftex.def on input line 274.
LaTeX Info: Redefining \color on input line 758.
 (C:\Users\NicoVolt\AppData\Local\Programs\MiKTeX\tex/latex/graphics\mathcolor.ltx)
Package xcolor Info: Model `cmy' substituted by `cmy0' on input line 1350.
Package xcolor Info: Model `hsb' substituted by `rgb' on input line 1354.
Package xcolor Info: Model `RGB' extended on input line 1366.
Package xcolor Info: Model `HTML' substituted by `rgb' on input line 1368.
Package xcolor Info: Model `Hsb' substituted by `hsb' on input line 1369.
Package xcolor Info: Model `tHsb' substituted by `hsb' on input line 1370.
Package xcolor Info: Model `HSB' substituted by `hsb' on input line 1371.
Package xcolor Info: Model `Gray' substituted by `gray' on input line 1372.
Package xcolor Info: Model `wave' substituted by `hsb' on input line 1373.
) (C:\Users\NicoVolt\AppData\Local\Programs\MiKTeX\tex/generic/pgf/basiclayer\pgfcore.code.tex
Package: pgfcore 2023-01-15 v3.1.10 (3.1.10)
 (C:\Users\NicoVolt\AppData\Local\Programs\MiKTeX\tex/generic/pgf/math\pgfmath.code.tex (C:\Users\NicoVolt\AppData\Local\Programs\MiKTeX\tex/generic/pgf/math\pgfmathutil.code.tex) (C:\Users\NicoVolt\AppData\Local\Programs\MiKTeX\tex/generic/pgf/math\pgfmathparser.code.tex
\pgfmath@dimen=\dimen172
\pgfmath@count=\count314
\pgfmath@box=\box59
\pgfmath@toks=\toks29
\pgfmath@stack@operand=\toks30
\pgfmath@stack@operation=\toks31
) (C:\Users\NicoVolt\AppData\Local\Programs\MiKTeX\tex/generic/pgf/math\pgfmathfunctions.code.tex) (C:\Users\NicoVolt\AppData\Local\Programs\MiKTeX\tex/generic/pgf/math\pgfmathfunctions.basic.code.tex) (C:\Users\NicoVolt\AppData\Local\Programs\MiKTeX\tex/generic/pgf/math\pgfmathfunctions.trigonometric.code.tex) (C:\Users\NicoVolt\AppData\Local\Programs\MiKTeX\tex/generic/pgf/math\pgfmathfunctions.random.code.tex) (C:\Users\NicoVolt\AppData\Local\Programs\MiKTeX\tex/generic/pgf/math\pgfmathfunctions.comparison.code.tex) (C:\Users\NicoVolt\AppData\Local\Programs\MiKTeX\tex/generic/pgf/math\pgfmathfunctions.base.code.tex) (C:\Users\NicoVolt\AppData\Local\Programs\MiKTeX\tex/generic/pgf/math\pgfmathfunctions.round.code.tex) (C:\Users\NicoVolt\AppData\Local\Programs\MiKTeX\tex/generic/pgf/math\pgfmathfunctions.misc.code.tex) (C:\Users\NicoVolt\AppData\Local\Programs\MiKTeX\tex/generic/pgf/math\pgfmathfunctions.integerarithmetics.code.tex) (C:\Users\NicoVolt\AppData\Local\Programs\MiKTeX\tex/generic/pgf/math\pgfmathcalc.code.tex) (C:\Users\NicoVolt\AppData\Local\Programs\MiKTeX\tex/generic/pgf/math\pgfmathfloat.code.tex
\c@pgfmathroundto@lastzeros=\count315
)) (C:\Users\NicoVolt\AppData\Local\Programs\MiKTeX\tex/generic/pgf/math\pgfint.code.tex) (C:\Users\NicoVolt\AppData\Local\Programs\MiKTeX\tex/generic/pgf/basiclayer\pgfcorepoints.code.tex
File: pgfcorepoints.code.tex 2023-01-15 v3.1.10 (3.1.10)
\pgf@picminx=\dimen173
\pgf@picmaxx=\dimen174
\pgf@picminy=\dimen175
\pgf@picmaxy=\dimen176
\pgf@pathminx=\dimen177
\pgf@pathmaxx=\dimen178
\pgf@pathminy=\dimen179
\pgf@pathmaxy=\dimen180
\pgf@xx=\dimen181
\pgf@xy=\dimen182
\pgf@yx=\dimen183
\pgf@yy=\dimen184
\pgf@zx=\dimen185
\pgf@zy=\dimen186
) (C:\Users\NicoVolt\AppData\Local\Programs\MiKTeX\tex/generic/pgf/basiclayer\pgfcorepathconstruct.code.tex
File: pgfcorepathconstruct.code.tex 2023-01-15 v3.1.10 (3.1.10)
\pgf@path@lastx=\dimen187
\pgf@path@lasty=\dimen188
) (C:\Users\NicoVolt\AppData\Local\Programs\MiKTeX\tex/generic/pgf/basiclayer\pgfcorepathusage.code.tex
File: pgfcorepathusage.code.tex 2023-01-15 v3.1.10 (3.1.10)
\pgf@shorten@end@additional=\dimen189
\pgf@shorten@start@additional=\dimen190
) (C:\Users\NicoVolt\AppData\Local\Programs\MiKTeX\tex/generic/pgf/basiclayer\pgfcorescopes.code.tex
File: pgfcorescopes.code.tex 2023-01-15 v3.1.10 (3.1.10)
\pgfpic=\box60
\pgf@hbox=\box61
\pgf@layerbox@main=\box62
\pgf@picture@serial@count=\count316
) (C:\Users\NicoVolt\AppData\Local\Programs\MiKTeX\tex/generic/pgf/basiclayer\pgfcoregraphicstate.code.tex
File: pgfcoregraphicstate.code.tex 2023-01-15 v3.1.10 (3.1.10)
\pgflinewidth=\dimen191
) (C:\Users\NicoVolt\AppData\Local\Programs\MiKTeX\tex/generic/pgf/basiclayer\pgfcoretransformations.code.tex
File: pgfcoretransformations.code.tex 2023-01-15 v3.1.10 (3.1.10)
\pgf@pt@x=\dimen192
\pgf@pt@y=\dimen193
\pgf@pt@temp=\dimen194
) (C:\Users\NicoVolt\AppData\Local\Programs\MiKTeX\tex/generic/pgf/basiclayer\pgfcorequick.code.tex
File: pgfcorequick.code.tex 2023-01-15 v3.1.10 (3.1.10)
) (C:\Users\NicoVolt\AppData\Local\Programs\MiKTeX\tex/generic/pgf/basiclayer\pgfcoreobjects.code.tex
File: pgfcoreobjects.code.tex 2023-01-15 v3.1.10 (3.1.10)
) (C:\Users\NicoVolt\AppData\Local\Programs\MiKTeX\tex/generic/pgf/basiclayer\pgfcorepathprocessing.code.tex
File: pgfcorepathprocessing.code.tex 2023-01-15 v3.1.10 (3.1.10)
) (C:\Users\NicoVolt\AppData\Local\Programs\MiKTeX\tex/generic/pgf/basiclayer\pgfcorearrows.code.tex
File: pgfcorearrows.code.tex 2023-01-15 v3.1.10 (3.1.10)
\pgfarrowsep=\dimen195
) (C:\Users\NicoVolt\AppData\Local\Programs\MiKTeX\tex/generic/pgf/basiclayer\pgfcoreshade.code.tex
File: pgfcoreshade.code.tex 2023-01-15 v3.1.10 (3.1.10)
\pgf@max=\dimen196
\pgf@sys@shading@range@num=\count317
\pgf@shadingcount=\count318
) (C:\Users\NicoVolt\AppData\Local\Programs\MiKTeX\tex/generic/pgf/basiclayer\pgfcoreimage.code.tex
File: pgfcoreimage.code.tex 2023-01-15 v3.1.10 (3.1.10)
) (C:\Users\NicoVolt\AppData\Local\Programs\MiKTeX\tex/generic/pgf/basiclayer\pgfcoreexternal.code.tex
File: pgfcoreexternal.code.tex 2023-01-15 v3.1.10 (3.1.10)
\pgfexternal@startupbox=\box63
) (C:\Users\NicoVolt\AppData\Local\Programs\MiKTeX\tex/generic/pgf/basiclayer\pgfcorelayers.code.tex
File: pgfcorelayers.code.tex 2023-01-15 v3.1.10 (3.1.10)
) (C:\Users\NicoVolt\AppData\Local\Programs\MiKTeX\tex/generic/pgf/basiclayer\pgfcoretransparency.code.tex
File: pgfcoretransparency.code.tex 2023-01-15 v3.1.10 (3.1.10)
) (C:\Users\NicoVolt\AppData\Local\Programs\MiKTeX\tex/generic/pgf/basiclayer\pgfcorepatterns.code.tex
File: pgfcorepatterns.code.tex 2023-01-15 v3.1.10 (3.1.10)
) (C:\Users\NicoVolt\AppData\Local\Programs\MiKTeX\tex/generic/pgf/basiclayer\pgfcorerdf.code.tex
File: pgfcorerdf.code.tex 2023-01-15 v3.1.10 (3.1.10)
))) (C:\Users\NicoVolt\AppData\Local\Programs\MiKTeX\tex/generic/pgf/modules\pgfmoduleshapes.code.tex
File: pgfmoduleshapes.code.tex 2023-01-15 v3.1.10 (3.1.10)
\pgfnodeparttextbox=\box64
) (C:\Users\NicoVolt\AppData\Local\Programs\MiKTeX\tex/generic/pgf/modules\pgfmoduleplot.code.tex
File: pgfmoduleplot.code.tex 2023-01-15 v3.1.10 (3.1.10)
)
(C:\Users\NicoVolt\AppData\Local\Programs\MiKTeX\tex/latex/pgf/compatibility\pgfcomp-version-0-65.sty
Package: pgfcomp-version-0-65 2023-01-15 v3.1.10 (3.1.10)
\pgf@nodesepstart=\dimen197
\pgf@nodesepend=\dimen198
) (C:\Users\NicoVolt\AppData\Local\Programs\MiKTeX\tex/latex/pgf/compatibility\pgfcomp-version-1-18.sty
Package: pgfcomp-version-1-18 2023-01-15 v3.1.10 (3.1.10)
)) (C:\Users\NicoVolt\AppData\Local\Programs\MiKTeX\tex/latex/pgf/utilities\pgffor.sty (C:\Users\NicoVolt\AppData\Local\Programs\MiKTeX\tex/latex/pgf/utilities\pgfkeys.sty (C:\Users\NicoVolt\AppData\Local\Programs\MiKTeX\tex/generic/pgf/utilities\pgfkeys.code.tex)) (C:\Users\NicoVolt\AppData\Local\Programs\MiKTeX\tex/latex/pgf/math\pgfmath.sty (C:\Users\NicoVolt\AppData\Local\Programs\MiKTeX\tex/generic/pgf/math\pgfmath.code.tex)) (C:\Users\NicoVolt\AppData\Local\Programs\MiKTeX\tex/generic/pgf/utilities\pgffor.code.tex
Package: pgffor 2023-01-15 v3.1.10 (3.1.10)
\pgffor@iter=\dimen199
\pgffor@skip=\dimen256
\pgffor@stack=\toks32
\pgffor@toks=\toks33
)) (C:\Users\NicoVolt\AppData\Local\Programs\MiKTeX\tex/generic/pgf/frontendlayer/tikz\tikz.code.tex
Package: tikz 2023-01-15 v3.1.10 (3.1.10)
 (C:\Users\NicoVolt\AppData\Local\Programs\MiKTeX\tex/generic/pgf/libraries\pgflibraryplothandlers.code.tex
File: pgflibraryplothandlers.code.tex 2023-01-15 v3.1.10 (3.1.10)
\pgf@plot@mark@count=\count319
\pgfplotmarksize=\dimen257
)
\tikz@lastx=\dimen258
\tikz@lasty=\dimen259
\tikz@lastxsaved=\dimen260
\tikz@lastysaved=\dimen261
\tikz@lastmovetox=\dimen262
\tikz@lastmovetoy=\dimen263
\tikzleveldistance=\dimen264
\tikzsiblingdistance=\dimen265
\tikz@figbox=\box65
\tikz@figbox@bg=\box66
\tikz@tempbox=\box67
\tikz@tempbox@bg=\box68
\tikztreelevel=\count320
\tikznumberofchildren=\count321
\tikznumberofcurrentchild=\count322
\tikz@fig@count=\count323
 (C:\Users\NicoVolt\AppData\Local\Programs\MiKTeX\tex/generic/pgf/modules\pgfmodulematrix.code.tex
File: pgfmodulematrix.code.tex 2023-01-15 v3.1.10 (3.1.10)
\pgfmatrixcurrentrow=\count324
\pgfmatrixcurrentcolumn=\count325
\pgf@matrix@numberofcolumns=\count326
)
\tikz@expandcount=\count327
 (C:\Users\NicoVolt\AppData\Local\Programs\MiKTeX\tex/generic/pgf/frontendlayer/tikz/libraries\tikzlibrarytopaths.code.tex
File: tikzlibrarytopaths.code.tex 2023-01-15 v3.1.10 (3.1.10)
))) (C:\Users\NicoVolt\AppData\Local\Programs\MiKTeX\tex/generic/pgf/frontendlayer/tikz/libraries\tikzlibraryarrows.code.tex
File: tikzlibraryarrows.code.tex 2023-01-15 v3.1.10 (3.1.10)
 (C:\Users\NicoVolt\AppData\Local\Programs\MiKTeX\tex/generic/pgf/libraries\pgflibraryarrows.code.tex
File: pgflibraryarrows.code.tex 2023-01-15 v3.1.10 (3.1.10)
\arrowsize=\dimen266
)) (C:\Users\NicoVolt\AppData\Local\Programs\MiKTeX\tex/generic/pgf/frontendlayer/tikz/libraries\tikzlibrarybackgrounds.code.tex
File: tikzlibrarybackgrounds.code.tex 2023-01-15 v3.1.10 (3.1.10)
\pgf@layerbox@background=\box69
\pgf@layerboxsaved@background=\box70
) (C:\Users\NicoVolt\AppData\Local\Programs\MiKTeX\tex/generic/pgf/frontendlayer/tikz/libraries\tikzlibrarycalc.code.tex
File: tikzlibrarycalc.code.tex 2023-01-15 v3.1.10 (3.1.10)
) (C:\Users\NicoVolt\AppData\Local\Programs\MiKTeX\tex/generic/pgf/frontendlayer/tikz/libraries\tikzlibrarypatterns.code.tex
File: tikzlibrarypatterns.code.tex 2023-01-15 v3.1.10 (3.1.10)
 (C:\Users\NicoVolt\AppData\Local\Programs\MiKTeX\tex/generic/pgf/libraries\pgflibrarypatterns.code.tex
File: pgflibrarypatterns.code.tex 2023-01-15 v3.1.10 (3.1.10)
)) (C:\Users\NicoVolt\AppData\Local\Programs\MiKTeX\tex/generic/pgf/frontendlayer/tikz/libraries\tikzlibrarypositioning.code.tex
File: tikzlibrarypositioning.code.tex 2023-01-15 v3.1.10 (3.1.10)
) (C:\Users\NicoVolt\AppData\Local\Programs\MiKTeX\tex/generic/pgf/frontendlayer/tikz/libraries\tikzlibraryshapes.geometric.code.tex
File: tikzlibraryshapes.geometric.code.tex 2023-01-15 v3.1.10 (3.1.10)
 (C:\Users\NicoVolt\AppData\Local\Programs\MiKTeX\tex/generic/pgf/libraries/shapes\pgflibraryshapes.geometric.code.tex
File: pgflibraryshapes.geometric.code.tex 2023-01-15 v3.1.10 (3.1.10)
)) (C:\Users\NicoVolt\AppData\Local\Programs\MiKTeX\tex/latex/pgf/utilities\pgfcalendar.sty (C:\Users\NicoVolt\AppData\Local\Programs\MiKTeX\tex/generic/pgf/utilities\pgfcalendar.code.tex
File: pgfcalendar.code.tex 2023-01-15 v3.1.10 (3.1.10)
\pgfcalendarcurrentjulian=\count328
\pgf@cal@easter@Y=\count329
\pgf@cal@easter@G=\count330
\pgf@cal@easter@C=\count331
\pgf@cal@easter@X=\count332
\pgf@cal@easter@Z=\count333
\pgf@cal@easter@D=\count334
\pgf@cal@easter@E=\count335
\pgf@cal@easter@N=\count336
\pgf@cal@easter@M=\count337
\pgf@cal@easter@julianday=\count338
))
\gtt@currentline=\count339
\gtt@lasttitleline=\count340
\gtt@currgrid=\count341
\gtt@chartwidth=\count342
\gtt@lasttitleslot=\count343
\gtt@elementid=\count344
\gtt@today@slot=\count345
\gtt@startjulian=\count346
\gtt@endjulian=\count347
\gtt@chartid=\count348
\gtt@vrule@slot=\count349
\gtt@calendar@slots=\count350
\gtt@calendar@weeknumber=\count351
\gtt@calendar@startofweek=\count352
\gtt@left@slot=\count353
\gtt@right@slot=\count354
) (C:\Users\NicoVolt\AppData\Local\Programs\MiKTeX\tex/latex/graphics\lscape.sty
Package: lscape 2020/05/28 v3.02 Landscape Pages (DPC)
) (C:\Users\NicoVolt\AppData\Local\Programs\MiKTeX\tex/latex/tools\afterpage.sty
Package: afterpage 2023/07/04 v1.08 After-Page Package (DPC)
\AP@output=\toks34
\AP@partial=\box71
\AP@footins=\box72
) (Avances.aux)
\openout1 = `Avances.aux'.

LaTeX Font Info:    Checking defaults for OML/cmm/m/it on input line 21.
LaTeX Font Info:    ... okay on input line 21.
LaTeX Font Info:    Checking defaults for OMS/cmsy/m/n on input line 21.
LaTeX Font Info:    ... okay on input line 21.
LaTeX Font Info:    Checking defaults for OT1/cmr/m/n on input line 21.
LaTeX Font Info:    ... okay on input line 21.
LaTeX Font Info:    Checking defaults for T1/cmr/m/n on input line 21.
LaTeX Font Info:    ... okay on input line 21.
LaTeX Font Info:    Checking defaults for TS1/cmr/m/n on input line 21.
LaTeX Font Info:    ... okay on input line 21.
LaTeX Font Info:    Checking defaults for OMX/cmex/m/n on input line 21.
LaTeX Font Info:    ... okay on input line 21.
LaTeX Font Info:    Checking defaults for U/cmr/m/n on input line 21.
LaTeX Font Info:    ... okay on input line 21.
LaTeX Font Info:    Checking defaults for PD1/pdf/m/n on input line 21.
LaTeX Font Info:    ... okay on input line 21.
LaTeX Font Info:    Checking defaults for PU/pdf/m/n on input line 21.
LaTeX Font Info:    ... okay on input line 21.
 (C:\Users\NicoVolt\AppData\Local\Programs\MiKTeX\tex/context/base/mkii\supp-pdf.mkii
[Loading MPS to PDF converter (version 2006.09.02).]
\scratchcounter=\count355
\scratchdimen=\dimen267
\scratchbox=\box73
\nofMPsegments=\count356
\nofMParguments=\count357
\everyMPshowfont=\toks35
\MPscratchCnt=\count358
\MPscratchDim=\dimen268
\MPnumerator=\count359
\makeMPintoPDFobject=\count360
\everyMPtoPDFconversion=\toks36
) (C:\Users\NicoVolt\AppData\Local\Programs\MiKTeX\tex/latex/epstopdf-pkg\epstopdf-base.sty
Package: epstopdf-base 2020-01-24 v2.11 Base part for package epstopdf
Package epstopdf-base Info: Redefining graphics rule for `.eps' on input line 485.
 (C:\Users\NicoVolt\AppData\Local\Programs\MiKTeX\tex/latex/00miktex\epstopdf-sys.cfg
File: epstopdf-sys.cfg 2021/03/18 v2.0 Configuration of epstopdf for MiKTeX
))
LaTeX Info: Redefining \celsius on input line 21.
Package gensymb Info: Faking symbols for \degree and \celsius on input line 21.


Package gensymb Warning: Not defining \perthousand.

LaTeX Info: Redefining \ohm on input line 21.
Package gensymb Info: Using \Omega for \ohm on input line 21.

Package gensymb Warning: Not defining \micro.

Package hyperref Info: Link coloring OFF on input line 21.
(Avances.out) (Avances.out)
\@outlinefile=\write4
\openout4 = `Avances.out'.

Package caption Info: Begin \AtBeginDocument code.
Package caption Info: End \AtBeginDocument code.
LaTeX Font Info:    External font `cmex10' loaded for size
(Font)              <12> on input line 23.
LaTeX Font Info:    External font `cmex10' loaded for size
(Font)              <8> on input line 23.
LaTeX Font Info:    External font `cmex10' loaded for size
(Font)              <6> on input line 23.


[1

{C:/Users/NicoVolt/AppData/Local/MiKTeX/fonts/map/pdftex/pdftex.map}] (Avances.toc
LaTeX Font Info:    External font `cmex10' loaded for size
(Font)              <7> on input line 4.
LaTeX Font Info:    External font `cmex10' loaded for size
(Font)              <5> on input line 4.
)
\tf@toc=\write5
\openout5 = `Avances.toc'.



[2]

[3]

[4

]
Overfull \vbox (42.46414pt too high) has occurred while \output is active []



[5]
<Images/Motor/Estator10010PrimerEmbobinado.png, id=155, 160.965pt x 160.6365pt>
File: Images/Motor/Estator10010PrimerEmbobinado.png Graphic file (type png)
<use Images/Motor/Estator10010PrimerEmbobinado.png>
Package pdftex.def Info: Images/Motor/Estator10010PrimerEmbobinado.png  used on input line 124.
(pdftex.def)             Requested size: 345.0pt x 344.35188pt.
<Images/Motor/PrimerPrototipo.png, id=157, 199.49532pt x 170.88844pt>
File: Images/Motor/PrimerPrototipo.png Graphic file (type png)
<use Images/Motor/PrimerPrototipo.png>
Package pdftex.def Info: Images/Motor/PrimerPrototipo.png  used on input line 130.
(pdftex.def)             Requested size: 345.0pt x 295.56512pt.


[6

 <./Images/Motor/Estator10010PrimerEmbobinado.png>]<<Images/Motor/FirstTry.gif>>
<Images/Motor/MotorHeat1.png, id=171, 240.9pt x 181.8795pt>
File: Images/Motor/MotorHeat1.png Graphic file (type png)
<use Images/Motor/MotorHeat1.png>
Package pdftex.def Info: Images/Motor/MotorHeat1.png  used on input line 144.
(pdftex.def)             Requested size: 345.0pt x 260.4992pt.


[7 <./Images/Motor/PrimerPrototipo.png>]
<Images/Motor/SegundoPrototipo.png, id=181, 228.3075pt x 163.9215pt>
File: Images/Motor/SegundoPrototipo.png Graphic file (type png)
<use Images/Motor/SegundoPrototipo.png>
Package pdftex.def Info: Images/Motor/SegundoPrototipo.png  used on input line 165.
(pdftex.def)             Requested size: 345.0pt x 247.73253pt.


[8 <./Images/Motor/MotorHeat1.png>]<<Images/Motor/FirstSpin.gif>>
<Images/Motor/FirstSpin.png, id=196, 549.252pt x 355.92975pt>
File: Images/Motor/FirstSpin.png Graphic file (type png)
<use Images/Motor/FirstSpin.png>
Package pdftex.def Info: Images/Motor/FirstSpin.png  used on input line 182.
(pdftex.def)             Requested size: 345.0pt x 223.56891pt.


[9 <./Images/Motor/SegundoPrototipo.png>]<<Images/Motor/SpinCurrent.gif>>
<Images/Motor/CurrentMeasure.png, id=209, 1187.637pt x 766.062pt>
File: Images/Motor/CurrentMeasure.png Graphic file (type png)
<use Images/Motor/CurrentMeasure.png>
Package pdftex.def Info: Images/Motor/CurrentMeasure.png  used on input line 208.
(pdftex.def)             Requested size: 345.0pt x 222.52634pt.


[10 <./Images/Motor/FirstSpin.png>]
<Images/Motor/CycProt.png, id=219, 796.1745pt x 681.14474pt>
File: Images/Motor/CycProt.png Graphic file (type png)
<use Images/Motor/CycProt.png>
Package pdftex.def Info: Images/Motor/CycProt.png  used on input line 228.
(pdftex.def)             Requested size: 345.0pt x 295.1523pt.


[11 <./Images/Motor/CurrentMeasure.png>]

[12 <./Images/Motor/CycProt.png>]
<Images/Motor/InternalV1.png, id=236, 822.07124pt x 633.567pt>
File: Images/Motor/InternalV1.png Graphic file (type png)
<use Images/Motor/InternalV1.png>
Package pdftex.def Info: Images/Motor/InternalV1.png  used on input line 257.
(pdftex.def)             Requested size: 345.0pt x 265.88364pt.


[13]<<Images/Motor/IntCycV1.gif>>
<Images/Motor/IntCycV1Still.png, id=250, 446.8695pt x 410.13225pt>
File: Images/Motor/IntCycV1Still.png Graphic file (type png)
<use Images/Motor/IntCycV1Still.png>
Package pdftex.def Info: Images/Motor/IntCycV1Still.png  used on input line 269.
(pdftex.def)             Requested size: 345.0pt x 316.6539pt.


[14 <./Images/Motor/InternalV1.png>]

[15 <./Images/Motor/IntCycV1Still.png>]
<Images/Motor/IntCycV2A.jpg, id=267, 1505.625pt x 1003.75pt>
File: Images/Motor/IntCycV2A.jpg Graphic file (type jpg)
<use Images/Motor/IntCycV2A.jpg>
Package pdftex.def Info: Images/Motor/IntCycV2A.jpg  used on input line 297.
(pdftex.def)             Requested size: 155.24895pt x 103.49002pt.
<Images/Motor/IntCycV2B.jpg, id=268, 1505.625pt x 1003.75pt>
File: Images/Motor/IntCycV2B.jpg Graphic file (type jpg)
<use Images/Motor/IntCycV2B.jpg>
Package pdftex.def Info: Images/Motor/IntCycV2B.jpg  used on input line 303.
(pdftex.def)             Requested size: 155.24895pt x 103.49002pt.
<<Images/Motor/IntCycV2.gif>>
<Images/Motor/IntCycV2Spin.png, id=273, 1046.7105pt x 747.9945pt>
File: Images/Motor/IntCycV2Spin.png Graphic file (type png)
<use Images/Motor/IntCycV2Spin.png>
Package pdftex.def Info: Images/Motor/IntCycV2Spin.png  used on input line 314.
(pdftex.def)             Requested size: 345.0pt x 246.54219pt.

Overfull \hbox (3.2897pt too wide) in paragraph at lines 310--316
[]\OT1/cmr/m/n/10 The mo-tor Spins cor-rectly and its much more sta-ble when spin-ning. \OT1/cmr/bx/n/10 Video:
 []



[16 <./Images/Motor/IntCycV2A.jpg> <./Images/Motor/IntCycV2B.jpg>]

[17 <./Images/Motor/IntCycV2Spin.png>]
<Images/Chasis/SketchV1.png, id=292, 173.89969pt x 115.18031pt>
File: Images/Chasis/SketchV1.png Graphic file (type png)
<use Images/Chasis/SketchV1.png>
Package pdftex.def Info: Images/Chasis/SketchV1.png  used on input line 346.
(pdftex.def)             Requested size: 155.24895pt x 102.83176pt.
<Images/Chasis/ChasisV1.png, id=293, 332.74312pt x 234.8775pt>
File: Images/Chasis/ChasisV1.png Graphic file (type png)
<use Images/Chasis/ChasisV1.png>
Package pdftex.def Info: Images/Chasis/ChasisV1.png  used on input line 352.
(pdftex.def)             Requested size: 155.24895pt x 109.58963pt.
<Images/Chasis/Extrusions1.png, id=294, 210.7875pt x 114.4275pt>
File: Images/Chasis/Extrusions1.png Graphic file (type png)
<use Images/Chasis/Extrusions1.png>
Package pdftex.def Info: Images/Chasis/Extrusions1.png  used on input line 365.
(pdftex.def)             Requested size: 93.15031pt x 50.56825pt.
<Images/Chasis/Extrusions2.png, id=295, 191.21437pt x 118.94438pt>
File: Images/Chasis/Extrusions2.png Graphic file (type png)
<use Images/Chasis/Extrusions2.png>
Package pdftex.def Info: Images/Chasis/Extrusions2.png  used on input line 371.
(pdftex.def)             Requested size: 93.15031pt x 57.94385pt.
<Images/Chasis/Extrusions3.png, id=296, 185.94469pt x 123.46124pt>
File: Images/Chasis/Extrusions3.png Graphic file (type png)
<use Images/Chasis/Extrusions3.png>
Package pdftex.def Info: Images/Chasis/Extrusions3.png  used on input line 377.
(pdftex.def)             Requested size: 93.15031pt x 61.84914pt.


[18 <./Images/Chasis/SketchV1.png> <./Images/Chasis/ChasisV1.png> <./Images/Chasis/Extrusions1.png> <./Images/Chasis/Extrusions2.png> <./Images/Chasis/Extrusions3.png>]
<Images/Chasis/Sim1.jpg, id=310, 898.10532pt x 554.07pt>
File: Images/Chasis/Sim1.jpg Graphic file (type jpg)
<use Images/Chasis/Sim1.jpg>
Package pdftex.def Info: Images/Chasis/Sim1.jpg  used on input line 390.
(pdftex.def)             Requested size: 345.0pt x 212.83994pt.


[19 <./Images/Chasis/Sim1.jpg>]
<Images/Rockers/Concept1.png, id=319, 115.93312pt x 86.57344pt>
File: Images/Rockers/Concept1.png Graphic file (type png)
<use Images/Rockers/Concept1.png>
Package pdftex.def Info: Images/Rockers/Concept1.png  used on input line 417.
(pdftex.def)             Requested size: 93.15031pt x 69.56134pt.
<Images/Rockers/Concept2.png, id=320, 151.3153pt x 85.82062pt>
File: Images/Rockers/Concept2.png Graphic file (type png)
<use Images/Rockers/Concept2.png>
Package pdftex.def Info: Images/Rockers/Concept2.png  used on input line 423.
(pdftex.def)             Requested size: 93.15031pt x 52.83107pt.
<Images/Rockers/Concept3.png, id=321, 179.92218pt x 85.82062pt>
File: Images/Rockers/Concept3.png Graphic file (type png)
<use Images/Rockers/Concept3.png>
Package pdftex.def Info: Images/Rockers/Concept3.png  used on input line 429.
(pdftex.def)             Requested size: 93.15031pt x 44.43315pt.
<Images/Rockers/RockersV1.png, id=322, 469.755pt x 197.23688pt>
File: Images/Rockers/RockersV1.png Graphic file (type png)
<use Images/Rockers/RockersV1.png>
Package pdftex.def Info: Images/Rockers/RockersV1.png  used on input line 444.
(pdftex.def)             Requested size: 345.0pt x 144.85448pt.


[20 <./Images/Rockers/Concept1.png> <./Images/Rockers/Concept2.png> <./Images/Rockers/Concept3.png>]
<Images/Wheels/FrontViewP1.png, id=334, 218.31563pt x 183.68625pt>
File: Images/Wheels/FrontViewP1.png Graphic file (type png)
<use Images/Wheels/FrontViewP1.png>
Package pdftex.def Info: Images/Wheels/FrontViewP1.png  used on input line 472.
(pdftex.def)             Requested size: 138.00052pt x 116.10971pt.
<Images/Wheels/SideViewP1.png, id=335, 190.46156pt x 182.18062pt>
File: Images/Wheels/SideViewP1.png Graphic file (type png)
<use Images/Wheels/SideViewP1.png>
Package pdftex.def Info: Images/Wheels/SideViewP1.png  used on input line 478.
(pdftex.def)             Requested size: 138.00052pt x 132.00389pt.


[21 <./Images/Rockers/RockersV1.png>]
<Images/Wheels/FrontViewP2.png, id=345, 213.79875pt x 204.01219pt>
File: Images/Wheels/FrontViewP2.png Graphic file (type png)
<use Images/Wheels/FrontViewP2.png>
Package pdftex.def Info: Images/Wheels/FrontViewP2.png  used on input line 515.
(pdftex.def)             Requested size: 155.24895pt x 148.14319pt.
<Images/Wheels/SideViewP2.png, id=346, 204.01219pt x 204.01219pt>
File: Images/Wheels/SideViewP2.png Graphic file (type png)
<use Images/Wheels/SideViewP2.png>
Package pdftex.def Info: Images/Wheels/SideViewP2.png  used on input line 521.
(pdftex.def)             Requested size: 155.24895pt x 155.25632pt.


[22 <./Images/Wheels/FrontViewP1.png> <./Images/Wheels/SideViewP1.png>]<<Images/Wheels/SimP2.gif>>
<Images/Wheels/SimP2-10.png, id=362, 1525.7pt x 891.33pt>
File: Images/Wheels/SimP2-10.png Graphic file (type png)
<use Images/Wheels/SimP2-10.png>
Package pdftex.def Info: Images/Wheels/SimP2-10.png  used on input line 536.
(pdftex.def)             Requested size: 345.0pt x 201.54704pt.


[23 <./Images/Wheels/FrontViewP2.png> <./Images/Wheels/SideViewP2.png>]
<Images/Design/Miro1.png, id=372, 209.28188pt x 156.585pt>
File: Images/Design/Miro1.png Graphic file (type png)
<use Images/Design/Miro1.png>
Package pdftex.def Info: Images/Design/Miro1.png  used on input line 560.
(pdftex.def)             Requested size: 345.0pt x 258.12949pt.


[24 <./Images/Wheels/SimP2-10.png>]
<Images/Design/MisionV1.png, id=382, 187.45032pt x 105.39375pt>
File: Images/Design/MisionV1.png Graphic file (type png)
<use Images/Design/MisionV1.png>
Package pdftex.def Info: Images/Design/MisionV1.png  used on input line 570.
(pdftex.def)             Requested size: 163.8771pt x 92.14531pt.
<Images/Design/VisionV1.png, id=383, 185.19188pt x 103.88812pt>
File: Images/Design/VisionV1.png Graphic file (type png)
<use Images/Design/VisionV1.png>
Package pdftex.def Info: Images/Design/VisionV1.png  used on input line 578.
(pdftex.def)             Requested size: 163.8771pt x 91.93225pt.
<Images/Design/ObjetivosV1.png, id=384, 187.45032pt x 105.39375pt>
File: Images/Design/ObjetivosV1.png Graphic file (type png)
<use Images/Design/ObjetivosV1.png>
Package pdftex.def Info: Images/Design/ObjetivosV1.png  used on input line 586.
(pdftex.def)             Requested size: 163.8771pt x 92.14531pt.
<Images/Design/ValoresV1.png, id=385, 188.95593pt x 106.14656pt>
File: Images/Design/ValoresV1.png Graphic file (type png)
<use Images/Design/ValoresV1.png>
Package pdftex.def Info: Images/Design/ValoresV1.png  used on input line 594.
(pdftex.def)             Requested size: 163.8771pt x 92.05846pt.


[25 <./Images/Design/Miro1.png>]
<Images/Design/Moodboard1.png, id=394, 163.3603pt x 88.07906pt>
File: Images/Design/Moodboard1.png Graphic file (type png)
<use Images/Design/Moodboard1.png>
Package pdftex.def Info: Images/Design/Moodboard1.png  used on input line 606.
(pdftex.def)             Requested size: 138.00052pt x 74.40521pt.
<Images/Design/Moodboard2.png, id=395, 161.85469pt x 88.07906pt>
File: Images/Design/Moodboard2.png Graphic file (type png)
<use Images/Design/Moodboard2.png>
Package pdftex.def Info: Images/Design/Moodboard2.png  used on input line 612.
(pdftex.def)             Requested size: 138.00052pt x 75.10272pt.
<Images/Design/MisionV2.png, id=396, 216.81pt x 151.3153pt>
File: Images/Design/MisionV2.png Graphic file (type png)
<use Images/Design/MisionV2.png>
Package pdftex.def Info: Images/Design/MisionV2.png  used on input line 632.
(pdftex.def)             Requested size: 163.8771pt x 114.37741pt.
<Images/Design/VisionV2.png, id=397, 249.18094pt x 119.69719pt>
File: Images/Design/VisionV2.png Graphic file (type png)
<use Images/Design/VisionV2.png>
Package pdftex.def Info: Images/Design/VisionV2.png  used on input line 640.
(pdftex.def)             Requested size: 163.8771pt x 78.72276pt.
<Images/Design/ObjetivosV2.png, id=398, 251.43938pt x 143.03438pt>
File: Images/Design/ObjetivosV2.png Graphic file (type png)
<use Images/Design/ObjetivosV2.png>
Package pdftex.def Info: Images/Design/ObjetivosV2.png  used on input line 648.
(pdftex.def)             Requested size: 163.8771pt x 93.22221pt.
<Images/Design/ValoresV2.png, id=399, 216.81pt x 143.03438pt>
File: Images/Design/ValoresV2.png Graphic file (type png)
<use Images/Design/ValoresV2.png>
Package pdftex.def Info: Images/Design/ValoresV2.png  used on input line 656.
(pdftex.def)             Requested size: 163.8771pt x 108.11795pt.


[26 <./Images/Design/MisionV1.png> <./Images/Design/VisionV1.png> <./Images/Design/ObjetivosV1.png> <./Images/Design/ValoresV1.png> <./Images/Design/Moodboard1.png> <./Images/Design/Moodboard2.png>]

[27 <./Images/Design/MisionV2.png> <./Images/Design/VisionV2.png> <./Images/Design/ObjetivosV2.png> <./Images/Design/ValoresV2.png>]
<Images/Design/ColorsV1.png, id=426, 179.92218pt x 261.97874pt>
File: Images/Design/ColorsV1.png Graphic file (type png)
<use Images/Design/ColorsV1.png>
Package pdftex.def Info: Images/Design/ColorsV1.png  used on input line 687.
(pdftex.def)             Requested size: 138.00052pt x 200.95274pt.
<Images/Design/ColorsV2.png, id=427, 204.765pt x 261.22594pt>
File: Images/Design/ColorsV2.png Graphic file (type png)
<use Images/Design/ColorsV2.png>
Package pdftex.def Info: Images/Design/ColorsV2.png  used on input line 693.
(pdftex.def)             Requested size: 138.00052pt x 176.06079pt.
<Images/Design/Name.png, id=428, 216.05719pt x 120.45pt>
File: Images/Design/Name.png Graphic file (type png)
<use Images/Design/Name.png>
Package pdftex.def Info: Images/Design/Name.png  used on input line 711.
(pdftex.def)             Requested size: 138.00052pt x 76.93701pt.
<Images/Design/PaletteV1.png, id=429, 216.81pt x 120.45pt>
File: Images/Design/PaletteV1.png Graphic file (type png)
<use Images/Design/PaletteV1.png>
Package pdftex.def Info: Images/Design/PaletteV1.png  used on input line 717.
(pdftex.def)             Requested size: 138.00052pt x 76.67052pt.
<Images/Design/Font1V1.png, id=430, 229.60782pt x 120.45pt>
File: Images/Design/Font1V1.png Graphic file (type png)
<use Images/Design/Font1V1.png>
Package pdftex.def Info: Images/Design/Font1V1.png  used on input line 729.
(pdftex.def)             Requested size: 138.00052pt x 72.39735pt.
<Images/Design/Font2V1.png, id=431, 128.73094pt x 120.45pt>
File: Images/Design/Font2V1.png Graphic file (type png)
<use Images/Design/Font2V1.png>
Package pdftex.def Info: Images/Design/Font2V1.png  used on input line 735.
(pdftex.def)             Requested size: 138.00052pt x 129.13383pt.


[28 <./Images/Design/ColorsV1.png> <./Images/Design/ColorsV2.png> <./Images/Design/Name.png> <./Images/Design/PaletteV1.png>]
<Images/Design/TutorialDash.png, id=444, 231.11343pt x 152.82094pt>
File: Images/Design/TutorialDash.png Graphic file (type png)
<use Images/Design/TutorialDash.png>
Package pdftex.def Info: Images/Design/TutorialDash.png  used on input line 764.
(pdftex.def)             Requested size: 138.00052pt x 91.2502pt.
<Images/Design/IdeaDash.jpg, id=445, 231.11343pt x 177.66376pt>
File: Images/Design/IdeaDash.jpg Graphic file (type jpg)
<use Images/Design/IdeaDash.jpg>
Package pdftex.def Info: Images/Design/IdeaDash.jpg  used on input line 770.
(pdftex.def)             Requested size: 138.00052pt x 106.08398pt.


[29 <./Images/Design/Font1V1.png> <./Images/Design/Font2V1.png>]
<Images/Design/DashBoardV1.png, id=456, 1299.05325pt x 646.21425pt>
File: Images/Design/DashBoardV1.png Graphic file (type png)
<use Images/Design/DashBoardV1.png>
Package pdftex.def Info: Images/Design/DashBoardV1.png  used on input line 787.
(pdftex.def)             Requested size: 345.0pt x 171.62065pt.


[30 <./Images/Design/TutorialDash.png> <./Images/Design/IdeaDash.jpg> <./Images/Design/DashBoardV1.png>]<<Images/Screen/gifScreen.mp4>>
<Images/Screen/Screen1.jpg, id=472, 385.44pt x 230.8625pt>
File: Images/Screen/Screen1.jpg Graphic file (type jpg)
<use Images/Screen/Screen1.jpg>
Package pdftex.def Info: Images/Screen/Screen1.jpg  used on input line 823.
(pdftex.def)             Requested size: 345.0pt x 206.64001pt.


[31 <./Images/Screen/Screen1.jpg>]
<Images/Extra/PrimeraCompra.jpg, id=483, 1204.5pt x 1606.0pt>
File: Images/Extra/PrimeraCompra.jpg Graphic file (type jpg)
<use Images/Extra/PrimeraCompra.jpg>
Package pdftex.def Info: Images/Extra/PrimeraCompra.jpg  used on input line 843.
(pdftex.def)             Requested size: 345.0pt x 459.99377pt.


[32]

[33 <./Images/Extra/PrimeraCompra.jpg>]

[34] (Avances.aux)
 ***********
LaTeX2e <2024-06-01> patch level 2
L3 programming layer <2024-05-27>
 ***********
Package rerunfilecheck Info: File `Avances.out' has not changed.
(rerunfilecheck)             Checksum: 707DE31A272E4661B23309562119E3C6;3630.
 ) 
Here is how much of TeX's memory you used:
 25217 strings out of 473904
 508759 string characters out of 5725184
 1969908 words of memory out of 5000000
 47555 multiletter control sequences out of 15000+600000
 563268 words of font info for 53 fonts, out of 8000000 for 9000
 1141 hyphenation exceptions out of 8191
 99i,9n,107p,710b,908s stack positions out of 10000i,1000n,20000p,200000b,200000s
 <C:\Users\NicoVolt\AppData\Local\MiKTeX\fonts/pk/ljfour/jknappen/ec/dpi600\tcrm1000.pk><C:/Users/NicoVolt/AppData/Local/Programs/MiKTeX/fonts/type1/public/amsfonts/cm/cmbx10.pfb><C:/Users/NicoVolt/AppData/Local/Programs/MiKTeX/fonts/type1/public/amsfonts/cm/cmbx12.pfb><C:/Users/NicoVolt/AppData/Local/Programs/MiKTeX/fonts/type1/public/amsfonts/cm/cmbx7.pfb><C:/Users/NicoVolt/AppData/Local/Programs/MiKTeX/fonts/type1/public/amsfonts/cm/cmr10.pfb><C:/Users/NicoVolt/AppData/Local/Programs/MiKTeX/fonts/type1/public/amsfonts/cm/cmr12.pfb><C:/Users/NicoVolt/AppData/Local/Programs/MiKTeX/fonts/type1/public/amsfonts/cm/cmr17.pfb><C:/Users/NicoVolt/AppData/Local/Programs/MiKTeX/fonts/type1/public/amsfonts/cm/cmr7.pfb><C:/Users/NicoVolt/AppData/Local/Programs/MiKTeX/fonts/type1/public/amsfonts/cm/cmr9.pfb><C:/Users/NicoVolt/AppData/Local/Programs/MiKTeX/fonts/type1/public/amsfonts/cm/cmsy7.pfb>
Output written on Avances.pdf (34 pages, 49622603 bytes).
PDF statistics:
 571 PDF objects out of 1000 (max. 8388607)
 130 named destinations out of 1000 (max. 500000)
 512 words of extra memory for PDF output out of 10000 (max. 10000000)

